<?xml version="1.0" encoding="UTF-8"?>
<!-- Generated by org.testng.reporters.JUnitReportReporter -->
<testsuite hostname="Amal94" failures="0" tests="4" name="myTestCases" time="2.111" errors="0" timestamp="2024-07-22T23:12:54 EET" skipped="0">
  <testcase classname="myTestCases" name="loginTest" time="0.722"/>
  <system-out/>
  <testcase classname="myTestCases" name="addAllItems" time="0.837"/>
  <system-out/>
  <testcase classname="myTestCases" name="addOneItemAndSkipTheNextOne" time="0.400"/>
  <system-out/>
  <testcase classname="myTestCases" name="findAllElementsThatHasTheTextLab" time="0.152"/>
  <system-out/>
</testsuite> <!-- myTestCases -->
